<?xml version="1.0" encoding="utf-8"?><testsuites name="pytest tests"><testsuite name="pytest" errors="0" failures="0" skipped="0" tests="17" time="5.922" timestamp="2026-05-20T19:06:55.600722+00:00" hostname="agent-env-e8907966-5af2-4c5d-b22f-4a9003a5ebe4"><testcase classname="backend.tests.test_bearer_only_regression" name="test_01_login_returns_token_in_body" time="0.948" /><testcase classname="backend.tests.test_bearer_only_regression" name="test_02_me_works_with_bearer_only_no_cookie" time="0.589" /><testcase classname="backend.tests.test_bearer_only_regression" name="test_03_me_unauthorized_without_token" time="0.150" /><testcase classname="backend.tests.test_bearer_only_regression" name="test_04_me_unauthorized_with_bad_token" time="0.140" /><testcase classname="backend.tests.test_bearer_only_regression" name="test_05_register_returns_token_in_body" time="0.576" /><testcase classname="backend.tests.test_bearer_only_regression" name="test_06_cors_preflight_options_login" time="0.094" /><testcase classname="backend.tests.test_bearer_only_regression" name="test_07_cors_post_with_origin_succeeds" time="0.423" /><testcase classname="backend.tests.test_bearer_only_regression" name="test_08_sample_course_structure" time="0.423" /><testcase classname="backend.tests.test_bearer_only_regression" name="test_09_quiz_correct_index_hidden_then_revealed" time="0.529" /><testcase classname="backend.tests.test_bearer_only_regression" name="test_10_courses_listing_with_bearer" time="0.086" /><testcase classname="backend.tests.test_bearer_only_regression" name="test_11_my_courses_after_enroll" time="0.117" /><testcase classname="backend.tests.test_bearer_only_regression" name="test_12_my_submissions" time="0.076" /><testcase classname="backend.tests.test_bearer_only_regression" name="test_13_leaderboard" time="0.088" /><testcase classname="backend.tests.test_bearer_only_regression" name="test_14_stats_returns_spanish_badges" time="0.079" /><testcase classname="backend.tests.test_bearer_only_regression" name="test_15_teacher_grades_assignment" time="0.331" /><testcase classname="backend.tests.test_bearer_only_regression" name="test_16_me_upcoming_returns_sorted_unsubmitted" time="0.746" /><testcase classname="backend.tests.test_bearer_only_regression" name="test_17_logout_endpoint_responds" time="0.090" /></testsuite></testsuites>