<?xml version="1.0" encoding="utf-8"?><testsuites name="pytest tests"><testsuite name="pytest" errors="0" failures="1" skipped="0" tests="16" time="11.440" timestamp="2026-05-07T15:22:47.242886+00:00" hostname="agent-env-e8907966-5af2-4c5d-b22f-4a9003a5ebe4"><testcase classname="backend.tests.test_numa_new_endpoints" name="test_00_admin_login_and_seed_present" time="1.447" /><testcase classname="backend.tests.test_numa_new_endpoints" name="test_01_register_student" time="1.267" /><testcase classname="backend.tests.test_numa_new_endpoints" name="test_02_sample_course_exists_with_expected_structure" time="1.287" /><testcase classname="backend.tests.test_numa_new_endpoints" name="test_03_upcoming_empty_when_not_enrolled" time="0.256" /><testcase classname="backend.tests.test_numa_new_endpoints" name="test_04_enroll_student_in_sample_course" time="0.272" /><testcase classname="backend.tests.test_numa_new_endpoints" name="test_05_upcoming_lists_quiz_and_assignment_with_course_meta" time="0.267" /><testcase classname="backend.tests.test_numa_new_endpoints" name="test_06_upcoming_sorted_due_date_asc_nulls_last" time="1.124" /><testcase classname="backend.tests.test_numa_new_endpoints" name="test_07_get_activity_hides_correct_index_before_submit" time="0.232" /><testcase classname="backend.tests.test_numa_new_endpoints" name="test_08_quiz_answers_1_2_3_1_yields_100_percent" time="0.272" /><testcase classname="backend.tests.test_numa_new_endpoints" name="test_09_get_activity_reveals_correct_index_after_submit" time="0.290" /><testcase classname="backend.tests.test_numa_new_endpoints" name="test_10_upcoming_excludes_submitted_quiz" time="0.320" /><testcase classname="backend.tests.test_numa_new_endpoints" name="test_11_me_stats_badges_localized_spanish" time="0.325"><failure message="AssertionError: Spanish badge names missing: {'Primeros Pasos', 'Maestro del Quiz', 'Erudito'}. Got names: {'First Steps', 'Rising Star', 'Quiz Master', 'Trailblazer', 'Scholar', 'Polymath'}&#10;assert not {'Erudito', 'Maestro del Quiz', 'Primeros Pasos'}">backend/tests/test_numa_new_endpoints.py:233: in test_11_me_stats_badges_localized_spanish
    assert not missing, (
E   AssertionError: Spanish badge names missing: {'Primeros Pasos', 'Maestro del Quiz', 'Erudito'}. Got names: {'First Steps', 'Rising Star', 'Quiz Master', 'Trailblazer', 'Scholar', 'Polymath'}
E   assert not {'Erudito', 'Maestro del Quiz', 'Primeros Pasos'}</failure></testcase><testcase classname="backend.tests.test_numa_new_endpoints" name="test_12_regression_leaderboard_and_my_stats_and_my_submissions" time="0.861" /><testcase classname="backend.tests.test_numa_new_endpoints" name="test_13_regression_assignment_submit_and_grade" time="0.879" /><testcase classname="backend.tests.test_numa_new_endpoints" name="test_14_regression_courses_get_and_role_guards" time="0.572" /><testcase classname="backend.tests.test_numa_new_endpoints" name="test_99_cleanup_extra_activities" time="0.993" /></testsuite></testsuites>