<?xml version="1.0" encoding="utf-8"?><testsuites name="pytest tests"><testsuite name="pytest" errors="0" failures="0" skipped="0" tests="35" time="9.889" timestamp="2026-04-30T16:07:43.957317+00:00" hostname="agent-env-e8907966-5af2-4c5d-b22f-4a9003a5ebe4"><testcase classname="backend.tests.test_eduquest_api" name="test_01_login_admin" time="0.658" /><testcase classname="backend.tests.test_eduquest_api" name="test_02_register_student" time="0.515" /><testcase classname="backend.tests.test_eduquest_api" name="test_03_register_duplicate_fails" time="0.159" /><testcase classname="backend.tests.test_eduquest_api" name="test_04_me_bearer" time="0.163" /><testcase classname="backend.tests.test_eduquest_api" name="test_05_me_cookie" time="0.528" /><testcase classname="backend.tests.test_eduquest_api" name="test_06_logout_clears_cookie" time="0.587" /><testcase classname="backend.tests.test_eduquest_api" name="test_07_unauth_me" time="0.177" /><testcase classname="backend.tests.test_eduquest_api" name="test_10_create_course_teacher" time="0.156" /><testcase classname="backend.tests.test_eduquest_api" name="test_11_create_course_student_forbidden" time="0.188" /><testcase classname="backend.tests.test_eduquest_api" name="test_12_list_courses_has_enrollment_fields" time="0.197" /><testcase classname="backend.tests.test_eduquest_api" name="test_13_enroll_student" time="0.374" /><testcase classname="backend.tests.test_eduquest_api" name="test_14_teacher_cannot_enroll" time="0.152" /><testcase classname="backend.tests.test_eduquest_api" name="test_15_get_course_flags" time="0.456" /><testcase classname="backend.tests.test_eduquest_api" name="test_16_my_courses" time="0.315" /><testcase classname="backend.tests.test_eduquest_api" name="test_20_create_lesson" time="0.334" /><testcase classname="backend.tests.test_eduquest_api" name="test_21_delete_lesson" time="0.169" /><testcase classname="backend.tests.test_eduquest_api" name="test_30_upload_file" time="0.273" /><testcase classname="backend.tests.test_eduquest_api" name="test_31_get_file_stream" time="0.195" /><testcase classname="backend.tests.test_eduquest_api" name="test_32_resource_link" time="0.181" /><testcase classname="backend.tests.test_eduquest_api" name="test_33_resource_file" time="0.164" /><testcase classname="backend.tests.test_eduquest_api" name="test_40_create_assignment" time="0.214" /><testcase classname="backend.tests.test_eduquest_api" name="test_41_create_quiz" time="0.155" /><testcase classname="backend.tests.test_eduquest_api" name="test_42_quiz_without_questions_fails" time="0.169" /><testcase classname="backend.tests.test_eduquest_api" name="test_43_list_activities_hides_correct_index_for_student" time="0.157" /><testcase classname="backend.tests.test_eduquest_api" name="test_44_teacher_sees_correct_index" time="0.158" /><testcase classname="backend.tests.test_eduquest_api" name="test_50_submit_assignment" time="0.206" /><testcase classname="backend.tests.test_eduquest_api" name="test_51_submit_quiz_autograde_100" time="0.183" /><testcase classname="backend.tests.test_eduquest_api" name="test_52_quiz_bad_answer_count" time="0.167" /><testcase classname="backend.tests.test_eduquest_api" name="test_53_course_submissions_enriched" time="0.179" /><testcase classname="backend.tests.test_eduquest_api" name="test_54_grade_assignment_adds_xp" time="0.463" /><testcase classname="backend.tests.test_eduquest_api" name="test_55_my_submissions" time="0.261" /><testcase classname="backend.tests.test_eduquest_api" name="test_60_my_stats_badges" time="0.170" /><testcase classname="backend.tests.test_eduquest_api" name="test_61_leaderboard_has_me_flag" time="0.151" /><testcase classname="backend.tests.test_eduquest_api" name="test_62_submit_without_enrollment_forbidden" time="0.637" /><testcase classname="backend.tests.test_eduquest_api" name="test_99_cleanup" time="0.167" /></testsuite></testsuites>